a.png:  3645    869     23.84%
b1.jpg: 123879  10654   8.6%
b2.jpg: 88308   0       0%
b3.jpg: 291873  20436   7%
bg.gif: 7494    0       0%
bj.png: 11993   843     7.03%
br.jpg: 61951   911     1.47%
bs.png: 5000    454     9.08%
c2.jpg: 6162    910     14.77%
c2.png: 1769    441     24.93%
cc.jpg: 15884   905     5.7%
ce.png: 1172    945     80.63%
ch.png: 1148    0       0%
cm.jpg: 4212    903     21.44%
cr.jpg: 173985  38970   22.4%
cs.gif: 26070   8469    32.49%
ct.png: 1512    924     61.11%
da.jpg: 273165  37393   13.69%
g1.gif: 498388  0       0%
g2.gif: 82135   8605    10.48%
g3.gif: 238940  0       0%
h3.jpg: 2833    911     32.16%
hs.jpg: 13657   899     6.58%
ht.gif: 1297    0       0%
ht.jpg: 18406   913     4.96%
l.png:  1015    926     91.23%
l2.jpg: 1208    910     75.33%
l2.png: 1243    936     75.3%
le.png: 1016    924     90.94%
lg.png: 3647    831     22.79%
lh.png: 1223    917     74.98%
m1.jpg: 11381   921     8.09%
m2.jpg: 11028   924     8.38%
mn.png: 7750    0       0%
mr.png: 23664   0       0%
ms.jpg: 4227    912     21.58%
ms.png: 10353   905     8.74%
nu.jpg: 220399  38404   17.42%
o1.jpg: 4771    834     17.48%
o2.png: 2386    1180    49.46%
q.gif:  7853    0       0%
r1.jpg: 10237   914     8.93%
r2.jpg: 13027   902     6.92%
rap.jpg:        144808  6397    4.42%
rh.png: 1247    942     75.54%
rt.png: 1241    936     75.42%
s1.jpg: 183355  932     0.51%
s2.jpg: 142908  0       0%
s2.png: 7843    591     7.54%
s3.jpg: 81727   1757    2.15%
s4.jpg: 46543   4025    8.65%
se.png: 17285   0       0%
sh.jpg: 9896    913     9.23%
sy.jpg: 201218  36966   18.37%
t1.jpg: 50520   920     1.82%
t2.png: 2826    722     25.55%
ty.jpg: 164767  33      0.02%
u.jpg:  121523  0       0%
gif(7) total: 17074 percent: 1.98% percent avg: 6.14%
png(21) total: 14286 percent: 13.11% percent avg: 38.29
jpg(30) total: 210469 percent: 8.43% percent avg: 11.6%