========================================
FILE    SIZE       SMUSH      OPT        SMUSH%     OPT%
---------------------------------- gif
bg.gif  7494       564        36         7.53%      0.48%
cs.gif  26070      9496       1038       36.43%     3.98%
g1.gif  498388     7          0          0.00%      0%
g2.gif  82135      14458      0          17.60%     0%
g3.gif  238940     2          20712      0.00%      8.67%
ht.gif  1297       1044       1044       80.49%     80.49%
q.gif   7853       1209       497        15.40%     6.33%
---------------------------------- png
a.png   3645       870        929        23.87%     25.49%
bj.png  11993      1690       7640       14.09%     63.7%
bs.png  5000       852        1525       17.04%     30.5%
c2.png  1769       853        849        48.22%     47.99%
ce.png  1172       974        966        83.11%     82.42%
ch.png  1148       946        967        82.40%     84.23%
ct.png  1512       923        937        61.04%     61.97%
l.png   1015       924        926        91.03%     91.23%
l2.png  1243       999        940        80.37%     75.62%
le.png  1016       923        924        90.85%     90.94%
lg.png  3647       923        1108       25.31%     30.38%
lh.png  1223       976        982        79.80%     80.29%
mn.png  7750       851        2305       10.98%     29.74%
mr.png  23664      1003       4754       4.24%      20.09%
ms.png  10353      1060       5054       10.24%     48.82%
o2.png  2386       1203       1279       50.42%     53.6%
rh.png  1247       1009       947        80.91%     75.94%
rt.png  1241       1010       941        81.39%     75.83%
s2.png  7843       851        1349       10.85%     17.2%
se.png  17285      852        3189       4.93%      18.45%
t2.png  2826       852        1122       30.15%     39.7%
-------------------------------- jpg
b1.jpg  123879     14487      10654      11.69%     8.6%
b2.jpg  88308      3115       0          3.53%      0%
b3.jpg  291873     8819       20436      3.02%      7%
br.jpg  61951      2211       911        3.57%      1.47%
c2.jpg  6162       0          910        0%         14.77%
cc.jpg  15884      255        905        1.61%      5.7%
cm.jpg  4212       0          903        0%         21.44%
cr.jpg  173985     20378      38970      11.71%     22.4%
da.jpg  273165     20257      37393      7.42%      13.69%
h3.jpg  2833       0          911        0%         32.16%
hs.jpg  13657      0          899        0%         6.58%
ht.jpg  18406      98         913        0.53%      4.96%
l2.jpg  1208       0          910        0%         75.33%
m1.jpg  11381      21         921        0.18%      8.09%
m2.jpg  11028      57         924        0.52%      8.38%
ms.jpg  4227       0          912        0%         21.58%
nu.jpg  220399     20501      38404      9.30%      17.42%
o1.jpg  4771       0          834        0%         17.48%
r1.jpg  10237      0          914        0%         8.93%
r2.jpg  13027      101        902        0.78%      6.92%
rap.jpg 144808     12846      6397       8.87%      4.42%
s1.jpg  183355     9019       932        4.92%      0.51%
s2.jpg  142908     2352       0          1.65%      0%
s3.jpg  81727      4776       1757       5.84%      2.15%
s4.jpg  46543      2628       4025       5.65%      8.65%
sh.jpg  9896       2          913        0.02%      9.23%
sy.jpg  201218     17479      36966      8.69%      18.37%
t1.jpg  50520      2324       920        4.60%      1.82%
ty.jpg  164767     7527       33         4.57%      0.02%
u.jpg   121523     7074       0          5.82%      0%
---------------------------------- total
TYPE    TOTAL      SMUSH      OPT        SMUSH%     OPT%       [SMUSH]%   [OPT]%
gif(7)  862177     26780      23327      22.49%     14.28%     3.11%      2.71%
png(21) 108978     20544      39633      46.73%     54.48%     18.85%     36.37%
jpg(30) 2497858    156327     210469     3.48%      11.6%      6.26%      8.43%